[debug] [2024-12-03T22:36:55.959Z] ----------------------------------------------------------------------
[debug] [2024-12-03T22:36:55.961Z] Command:       C:\Program Files\nodejs\node.exe C:\Users\g_gal\AppData\Roaming\npm\node_modules\firebase-tools\lib\bin\firebase.js init
[debug] [2024-12-03T22:36:55.961Z] CLI Version:   13.27.0
[debug] [2024-12-03T22:36:55.961Z] Platform:      win32
[debug] [2024-12-03T22:36:55.962Z] Node Version:  v22.11.0
[debug] [2024-12-03T22:36:55.962Z] Time:          Tue Dec 03 2024 16:36:55 GMT-0600 (Central Standard Time)
[debug] [2024-12-03T22:36:55.962Z] ----------------------------------------------------------------------
[debug] 
[debug] [2024-12-03T22:36:55.968Z] > command requires scopes: ["email","openid","https://www.googleapis.com/auth/cloudplatformprojects.readonly","https://www.googleapis.com/auth/firebase","https://www.googleapis.com/auth/cloud-platform"]
[debug] [2024-12-03T22:36:55.968Z] > authorizing via signed-in user (gstavogallardo01@gmail.com)
[info] 
     ######## #### ########  ######## ########     ###     ######  ########
     ##        ##  ##     ## ##       ##     ##  ##   ##  ##       ##
     ######    ##  ########  ######   ########  #########  ######  ######
     ##        ##  ##    ##  ##       ##     ## ##     ##       ## ##
     ##       #### ##     ## ######## ########  ##     ##  ######  ########

You're about to initialize a Firebase project in this directory:

  C:\Users\g_gal\project_sw

[info] 
=== Project Setup
[info] 
[info] First, let's associate this project directory with a Firebase project.
[info] You can create multiple project aliases by running firebase use --add, 
[info] but for now we'll just set up a default project.
[info] 
[debug] [2024-12-03T22:39:14.711Z] Checked if tokens are valid: false, expires at: 1733246687856
[debug] [2024-12-03T22:39:14.712Z] Checked if tokens are valid: false, expires at: 1733246687856
[debug] [2024-12-03T22:39:14.712Z] > refreshing access token with scopes: []
[debug] [2024-12-03T22:39:14.713Z] >>> [apiv2][query] POST https://www.googleapis.com/oauth2/v3/token [none]
[debug] [2024-12-03T22:39:14.713Z] >>> [apiv2][body] POST https://www.googleapis.com/oauth2/v3/token [omitted]
[debug] [2024-12-03T22:39:14.879Z] <<< [apiv2][status] POST https://www.googleapis.com/oauth2/v3/token 200
[debug] [2024-12-03T22:39:14.879Z] <<< [apiv2][body] POST https://www.googleapis.com/oauth2/v3/token [omitted]
[debug] [2024-12-03T22:39:14.884Z] >>> [apiv2][query] GET https://firebase.googleapis.com/v1beta1/projects pageSize=100
[debug] [2024-12-03T22:39:15.294Z] <<< [apiv2][status] GET https://firebase.googleapis.com/v1beta1/projects 200
[debug] [2024-12-03T22:39:15.294Z] <<< [apiv2][body] GET https://firebase.googleapis.com/v1beta1/projects [omitted]
[info] i  Using project final-like-for-reals (Final-like-for-reals) 
[info] 
=== Hosting Setup
[debug] [2024-12-03T22:39:19.360Z] Checked if tokens are valid: true, expires at: 1733269153879
[debug] [2024-12-03T22:39:19.360Z] Checked if tokens are valid: true, expires at: 1733269153879
[debug] [2024-12-03T22:39:19.361Z] >>> [apiv2][query] GET https://firebase.googleapis.com/v1beta1/projects/final-like-for-reals [none]
[debug] [2024-12-03T22:39:19.491Z] <<< [apiv2][status] GET https://firebase.googleapis.com/v1beta1/projects/final-like-for-reals 200
[debug] [2024-12-03T22:39:19.491Z] <<< [apiv2][body] GET https://firebase.googleapis.com/v1beta1/projects/final-like-for-reals {"projectId":"final-like-for-reals","projectNumber":"113264564781","displayName":"Final-like-for-reals","name":"projects/final-like-for-reals","resources":{"hostingSite":"final-like-for-reals"},"state":"ACTIVE","etag":"1_ef2a6294-a98d-45bf-bd79-cca41070c853"}
[info] 
[info] Your public directory is the folder (relative to your project directory) that
[info] will contain Hosting assets to be uploaded with firebase deploy. If you
[info] have a build process for your assets, use your build's output directory.
[info] 
